<?xml version="1.0" encoding="UTF-8"?>
<!-- Generated by org.testng.reporters.JUnitXMLReporter -->
<testsuite hostname="seungbeomi-PC" name="Default test" tests="2" failures="0" timestamp="12 May 2014 23:36:33 GMT" time="2.838" errors="0">
  <testcase name="testCRUD" time="0.108" classname="kr.co.bsisys.com.biz.code.svc.ComClCodeServiceTest"/>
  <testcase name="testSelectComClCodeList" time="0.0090" classname="kr.co.bsisys.com.biz.code.svc.ComClCodeServiceTest"/>
</testsuite> <!-- Default test -->
