<?xml version="1.0" encoding="UTF-8"?>
<!-- Generated by org.testng.reporters.JUnitXMLReporter -->
<testsuite hostname="seungbeomi-PC" name="Default test" tests="4" failures="0" timestamp="15 May 2014 07:14:36 GMT" time="11.303" errors="0">
  <testcase name="testCUDComCode" time="0.145" classname="kr.co.bsisys.com.biz.code.service.ComCodeServiceTest"/>
  <testcase name="testSelectComCodeDetail" time="0.0040" classname="kr.co.bsisys.com.biz.code.service.ComCodeServiceTest"/>
  <testcase name="testSelectComCodeList" time="0.017" classname="kr.co.bsisys.com.biz.code.service.ComCodeServiceTest"/>
  <testcase name="testselectComCodeListTotCnt" time="0.01" classname="kr.co.bsisys.com.biz.code.service.ComCodeServiceTest"/>
</testsuite> <!-- Default test -->
