<?xml version="1.0" encoding="UTF-8" ?>
<testsuite failures="0" time="1.155" errors="1" skipped="0" tests="1" name="seungbeomi.orm.jpa.dao.PersonDaoImplTest">
  <properties>
[...]
</properties>
  <testcase time="1.133" classname="seungbeomi.orm.jpa.dao.PersonDaoImplTest" name="testList">
    <error message="Error creating bean with name &apos;entityManagerFactory&apos; defined in class path resource [DaoTestCase.xml]: Invocation of init method failed; nested exception is java.lang.IllegalArgumentException: Invalid XML in persistence unit from URL [file:/workspace/development/target/classes/META-INF/persistence.xml]" type="org.springframework.beans.factory.BeanCreationException">org.springframework.beans.factory.BeanCreationException: Error creating bean with name &apos;entityManagerFactory&apos; defined in class path resource [DaoTestCase.xml]: Invocation of init method failed; nested exception is java.lang.IllegalArgumentException: Invalid XML in persistence unit from URL [file:/workspace/development/target/classes/META-INF/persistence.xml]
	at org.springframework.beans.factory.support.AbstractAutowireCapableBeanFactory.initializeBean(AbstractAutowireCapableBeanFactory.java:1338)
	at org.springframework.beans.factory.support.AbstractAutowireCapableBeanFactory.doCreateBean(AbstractAutowireCapableBeanFactory.java:473)
	at org.springframework.beans.factory.support.AbstractAutowireCapableBeanFactory$1.run(AbstractAutowireCapableBeanFactory.java:409)
	at java.security.AccessController.doPrivileged(Native Method)
	at org.springframework.beans.factory.support.AbstractAutowireCapableBeanFactory.createBean(AbstractAutowireCapableBeanFactory.java:380)
	at org.springframework.beans.factory.support.AbstractBeanFactory$1.getObject(AbstractBeanFactory.java:264)
	at org.springframework.beans.factory.support.DefaultSingletonBeanRegistry.getSingleton(DefaultSingletonBeanRegistry.java:222)
	at org.springframework.beans.factory.support.AbstractBeanFactory.doGetBean(AbstractBeanFactory.java:261)
	at org.springframework.beans.factory.support.AbstractBeanFactory.getBean(AbstractBeanFactory.java:185)
	at org.springframework.beans.factory.support.AbstractBeanFactory.getBean(AbstractBeanFactory.java:164)
	at org.springframework.beans.factory.support.DefaultListableBeanFactory.preInstantiateSingletons(DefaultListableBeanFactory.java:423)
	at org.springframework.context.support.AbstractApplicationContext.finishBeanFactoryInitialization(AbstractApplicationContext.java:728)
	at org.springframework.context.support.AbstractApplicationContext.refresh(AbstractApplicationContext.java:380)
	at org.springframework.test.AbstractSingleSpringContextTests.createApplicationContext(AbstractSingleSpringContextTests.java:216)
	at org.springframework.test.AbstractSingleSpringContextTests.loadContextLocations(AbstractSingleSpringContextTests.java:192)
	at org.springframework.test.AbstractSingleSpringContextTests.loadContext(AbstractSingleSpringContextTests.java:172)
	at org.springframework.test.AbstractSpringContextTests.getContext(AbstractSpringContextTests.java:133)
	at org.springframework.test.AbstractSingleSpringContextTests.setUp(AbstractSingleSpringContextTests.java:101)
	at junit.framework.TestCase.runBare(TestCase.java:132)
	at org.springframework.test.ConditionalTestCase.runBare(ConditionalTestCase.java:79)
	at junit.framework.TestResult$1.protect(TestResult.java:110)
	at junit.framework.TestResult.runProtected(TestResult.java:128)
	at junit.framework.TestResult.run(TestResult.java:113)
	at junit.framework.TestCase.run(TestCase.java:124)
	at junit.framework.TestSuite.runTest(TestSuite.java:232)
	at junit.framework.TestSuite.run(TestSuite.java:227)
	at org.junit.internal.runners.JUnit38ClassRunner.run(JUnit38ClassRunner.java:81)
	at org.apache.maven.surefire.junit4.JUnit4TestSet.execute(JUnit4TestSet.java:62)
	at org.apache.maven.surefire.suite.AbstractDirectoryTestSuite.executeTestSet(AbstractDirectoryTestSuite.java:140)
	at org.apache.maven.surefire.suite.AbstractDirectoryTestSuite.execute(AbstractDirectoryTestSuite.java:127)
	at org.apache.maven.surefire.Surefire.run(Surefire.java:177)
	at sun.reflect.NativeMethodAccessorImpl.invoke0(Native Method)
	at sun.reflect.NativeMethodAccessorImpl.invoke(NativeMethodAccessorImpl.java:39)
	at sun.reflect.DelegatingMethodAccessorImpl.invoke(DelegatingMethodAccessorImpl.java:25)
	at java.lang.reflect.Method.invoke(Method.java:597)
	at org.apache.maven.surefire.booter.SurefireBooter.runSuitesInProcess(SurefireBooter.java:345)
	at org.apache.maven.surefire.booter.SurefireBooter.main(SurefireBooter.java:1009)
Caused by: java.lang.IllegalArgumentException: Invalid XML in persistence unit from URL [file:/workspace/development/target/classes/META-INF/persistence.xml]
	at org.springframework.orm.jpa.persistenceunit.PersistenceUnitReader.readPersistenceUnitInfos(PersistenceUnitReader.java:151)
	at org.springframework.orm.jpa.persistenceunit.DefaultPersistenceUnitManager.readPersistenceUnitInfos(DefaultPersistenceUnitManager.java:303)
	at org.springframework.orm.jpa.persistenceunit.DefaultPersistenceUnitManager.preparePersistenceUnitInfos(DefaultPersistenceUnitManager.java:275)
	at org.springframework.orm.jpa.persistenceunit.DefaultPersistenceUnitManager.afterPropertiesSet(DefaultPersistenceUnitManager.java:260)
	at org.springframework.orm.jpa.LocalContainerEntityManagerFactoryBean.createNativeEntityManagerFactory(LocalContainerEntityManagerFactoryBean.java:192)
	at org.springframework.orm.jpa.AbstractEntityManagerFactoryBean.afterPropertiesSet(AbstractEntityManagerFactoryBean.java:291)
	at org.springframework.beans.factory.support.AbstractAutowireCapableBeanFactory.invokeInitMethods(AbstractAutowireCapableBeanFactory.java:1369)
	at org.springframework.beans.factory.support.AbstractAutowireCapableBeanFactory.initializeBean(AbstractAutowireCapableBeanFactory.java:1335)
	... 36 more
Caused by: org.xml.sax.SAXParseException: cvc-complex-type.3.1: Value &apos;2.0&apos; of attribute &apos;version&apos; of element &apos;persistence&apos; is not valid with respect to the corresponding attribute use. Attribute &apos;version&apos; has a fixed value of &apos;1.0&apos;.
	at org.apache.xerces.util.ErrorHandlerWrapper.createSAXParseException(Unknown Source)
	at org.apache.xerces.util.ErrorHandlerWrapper.error(Unknown Source)
	at org.apache.xerces.impl.XMLErrorReporter.reportError(Unknown Source)
	at org.apache.xerces.impl.XMLErrorReporter.reportError(Unknown Source)
	at org.apache.xerces.impl.xs.XMLSchemaValidator$XSIErrorReporter.reportError(Unknown Source)
	at org.apache.xerces.impl.xs.XMLSchemaValidator.reportSchemaError(Unknown Source)
	at org.apache.xerces.impl.xs.XMLSchemaValidator.processOneAttribute(Unknown Source)
	at org.apache.xerces.impl.xs.XMLSchemaValidator.processAttributes(Unknown Source)
	at org.apache.xerces.impl.xs.XMLSchemaValidator.handleStartElement(Unknown Source)
	at org.apache.xerces.impl.xs.XMLSchemaValidator.startElement(Unknown Source)
	at org.apache.xerces.impl.XMLNSDocumentScannerImpl.scanStartElement(Unknown Source)
	at org.apache.xerces.impl.XMLNSDocumentScannerImpl$NSContentDispatcher.scanRootElementHook(Unknown Source)
	at org.apache.xerces.impl.XMLDocumentFragmentScannerImpl$FragmentContentDispatcher.dispatch(Unknown Source)
	at org.apache.xerces.impl.XMLDocumentFragmentScannerImpl.scanDocument(Unknown Source)
	at org.apache.xerces.parsers.XML11Configuration.parse(Unknown Source)
	at org.apache.xerces.parsers.XML11Configuration.parse(Unknown Source)
	at org.apache.xerces.parsers.XMLParser.parse(Unknown Source)
	at org.apache.xerces.parsers.DOMParser.parse(Unknown Source)
	at org.apache.xerces.jaxp.DocumentBuilderImpl.parse(Unknown Source)
	at javax.xml.parsers.DocumentBuilder.parse(DocumentBuilder.java:124)
	at org.springframework.orm.jpa.persistenceunit.PersistenceUnitReader.validateResource(PersistenceUnitReader.java:187)
	at org.springframework.orm.jpa.persistenceunit.PersistenceUnitReader.readPersistenceUnitInfos(PersistenceUnitReader.java:138)
	... 43 more
</error>
  </testcase>
</testsuite>